{"/home/uvindu/Documents/portfio-react/src/App.jsx": {"path":"/home/uvindu/Documents/portfio-react/src/App.jsx","statementMap":{"0":{"start":{"line":23,"column":32},"end":{"line":23,"column":null}},"1":{"start":{"line":25,"column":27},"end":{"line":27,"column":null}},"2":{"start":{"line":26,"column":4},"end":{"line":26,"column":null}},"3":{"start":{"line":29,"column":2},"end":{"line":320,"column":null}}},"fnMap":{"0":{"name":"App","decl":{"start":{"line":22,"column":9},"end":{"line":22,"column":15}},"loc":{"start":{"line":22,"column":15},"end":{"line":322,"column":null}},"line":22},"1":{"name":"(anonymous_1)","decl":{"start":{"line":25,"column":27},"end":{"line":25,"column":33}},"loc":{"start":{"line":25,"column":33},"end":{"line":27,"column":null}},"line":25}},"branchMap":{"0":{"loc":{"start":{"line":199,"column":13},"end":{"line":202,"column":null}},"type":"cond-expr","locations":[{"start":{"line":200,"column":14},"end":{"line":200,"column":null}},{"start":{"line":202,"column":14},"end":{"line":202,"column":null}}],"line":199},"1":{"loc":{"start":{"line":205,"column":11},"end":{"line":313,"column":null}},"type":"binary-expr","locations":[{"start":{"line":205,"column":11},"end":{"line":205,"column":null}},{"start":{"line":206,"column":12},"end":{"line":313,"column":null}}],"line":205}},"s":{"0":33,"1":33,"2":8,"3":33},"f":{"0":33,"1":8},"b":{"0":[6,26],"1":[33,6]},"meta":{"lastBranch":2,"lastFunction":2,"lastStatement":4,"seen":{"f:22:9:22:15":0,"s:23:32:23:Infinity":0,"s:25:27:27:Infinity":1,"f:25:27:25:33":1,"s:26:4:26:Infinity":2,"s:29:2:320:Infinity":3,"b:200:14:200:Infinity:202:14:202:Infinity":0,"b:205:11:205:Infinity:206:12:313:Infinity":1}}}
,"/home/uvindu/Documents/portfio-react/src/assets/ECA.png": {"path":"/home/uvindu/Documents/portfio-react/src/assets/ECA.png","statementMap":{},"fnMap":{},"branchMap":{},"s":{},"f":{},"b":{},"meta":{"lastBranch":0,"lastFunction":0,"lastStatement":0,"seen":{}}}
,"/home/uvindu/Documents/portfio-react/src/assets/Ead2.jpeg": {"path":"/home/uvindu/Documents/portfio-react/src/assets/Ead2.jpeg","statementMap":{},"fnMap":{},"branchMap":{},"s":{},"f":{},"b":{},"meta":{"lastBranch":0,"lastFunction":0,"lastStatement":0,"seen":{}}}
,"/home/uvindu/Documents/portfio-react/src/assets/SmartHelmet.png": {"path":"/home/uvindu/Documents/portfio-react/src/assets/SmartHelmet.png","statementMap":{},"fnMap":{},"branchMap":{},"s":{},"f":{},"b":{},"meta":{"lastBranch":0,"lastFunction":0,"lastStatement":0,"seen":{}}}
,"/home/uvindu/Documents/portfio-react/src/assets/Urbanfoods.jpeg": {"path":"/home/uvindu/Documents/portfio-react/src/assets/Urbanfoods.jpeg","statementMap":{},"fnMap":{},"branchMap":{},"s":{},"f":{},"b":{},"meta":{"lastBranch":0,"lastFunction":0,"lastStatement":0,"seen":{}}}
,"/home/uvindu/Documents/portfio-react/src/assets/androidapp.jpg": {"path":"/home/uvindu/Documents/portfio-react/src/assets/androidapp.jpg","statementMap":{},"fnMap":{},"branchMap":{},"s":{},"f":{},"b":{},"meta":{"lastBranch":0,"lastFunction":0,"lastStatement":0,"seen":{}}}
,"/home/uvindu/Documents/portfio-react/src/assets/cat-care.png": {"path":"/home/uvindu/Documents/portfio-react/src/assets/cat-care.png","statementMap":{},"fnMap":{},"branchMap":{},"s":{},"f":{},"b":{},"meta":{"lastBranch":0,"lastFunction":0,"lastStatement":0,"seen":{}}}
,"/home/uvindu/Documents/portfio-react/src/assets/chatbot.png": {"path":"/home/uvindu/Documents/portfio-react/src/assets/chatbot.png","statementMap":{},"fnMap":{},"branchMap":{},"s":{},"f":{},"b":{},"meta":{"lastBranch":0,"lastFunction":0,"lastStatement":0,"seen":{}}}
,"/home/uvindu/Documents/portfio-react/src/assets/favicon.ico": {"path":"/home/uvindu/Documents/portfio-react/src/assets/favicon.ico","statementMap":{},"fnMap":{},"branchMap":{},"s":{},"f":{},"b":{},"meta":{"lastBranch":0,"lastFunction":0,"lastStatement":0,"seen":{}}}
,"/home/uvindu/Documents/portfio-react/src/assets/lms.png": {"path":"/home/uvindu/Documents/portfio-react/src/assets/lms.png","statementMap":{},"fnMap":{},"branchMap":{},"s":{},"f":{},"b":{},"meta":{"lastBranch":0,"lastFunction":0,"lastStatement":0,"seen":{}}}
,"/home/uvindu/Documents/portfio-react/src/assets/profile.jpeg": {"path":"/home/uvindu/Documents/portfio-react/src/assets/profile.jpeg","statementMap":{},"fnMap":{},"branchMap":{},"s":{},"f":{},"b":{},"meta":{"lastBranch":0,"lastFunction":0,"lastStatement":0,"seen":{}}}
,"/home/uvindu/Documents/portfio-react/src/assets/todoapp.png": {"path":"/home/uvindu/Documents/portfio-react/src/assets/todoapp.png","statementMap":{},"fnMap":{},"branchMap":{},"s":{},"f":{},"b":{},"meta":{"lastBranch":0,"lastFunction":0,"lastStatement":0,"seen":{}}}
,"/home/uvindu/Documents/portfio-react/src/assets/train.png": {"path":"/home/uvindu/Documents/portfio-react/src/assets/train.png","statementMap":{},"fnMap":{},"branchMap":{},"s":{},"f":{},"b":{},"meta":{"lastBranch":0,"lastFunction":0,"lastStatement":0,"seen":{}}}
,"/home/uvindu/Documents/portfio-react/src/assets/whatsapp.png": {"path":"/home/uvindu/Documents/portfio-react/src/assets/whatsapp.png","statementMap":{},"fnMap":{},"branchMap":{},"s":{},"f":{},"b":{},"meta":{"lastBranch":0,"lastFunction":0,"lastStatement":0,"seen":{}}}
,"/home/uvindu/Documents/portfio-react/src/components/Education.jsx": {"path":"/home/uvindu/Documents/portfio-react/src/components/Education.jsx","statementMap":{"0":{"start":{"line":2,"column":2},"end":{"line":12,"column":null}}},"fnMap":{"0":{"name":"Education","decl":{"start":{"line":1,"column":9},"end":{"line":1,"column":19}},"loc":{"start":{"line":1,"column":28},"end":{"line":14,"column":null}},"line":1}},"branchMap":{},"s":{"0":128},"f":{"0":128},"b":{},"meta":{"lastBranch":0,"lastFunction":1,"lastStatement":1,"seen":{"f:1:9:1:19":0,"s:2:2:12:Infinity":0}}}
,"/home/uvindu/Documents/portfio-react/src/components/Footer.jsx": {"path":"/home/uvindu/Documents/portfio-react/src/components/Footer.jsx","statementMap":{"0":{"start":{"line":2,"column":2},"end":{"line":29,"column":null}}},"fnMap":{"0":{"name":"Footer","decl":{"start":{"line":1,"column":9},"end":{"line":1,"column":18}},"loc":{"start":{"line":1,"column":18},"end":{"line":31,"column":null}},"line":1}},"branchMap":{},"s":{"0":32},"f":{"0":32},"b":{},"meta":{"lastBranch":0,"lastFunction":1,"lastStatement":1,"seen":{"f:1:9:1:18":0,"s:2:2:29:Infinity":0}}}
,"/home/uvindu/Documents/portfio-react/src/components/Hero.jsx": {"path":"/home/uvindu/Documents/portfio-react/src/components/Hero.jsx","statementMap":{"0":{"start":{"line":6,"column":8},"end":{"line":6,"column":null}},"1":{"start":{"line":7,"column":8},"end":{"line":7,"column":null}},"2":{"start":{"line":8,"column":38},"end":{"line":8,"column":null}},"3":{"start":{"line":9,"column":36},"end":{"line":9,"column":null}},"4":{"start":{"line":11,"column":2},"end":{"line":40,"column":null}},"5":{"start":{"line":12,"column":25},"end":{"line":14,"column":null}},"6":{"start":{"line":13,"column":6},"end":{"line":13,"column":null}},"7":{"start":{"line":16,"column":4},"end":{"line":37,"column":null}},"8":{"start":{"line":17,"column":6},"end":{"line":36,"column":null}},"9":{"start":{"line":24,"column":10},"end":{"line":24,"column":null}},"10":{"start":{"line":27,"column":10},"end":{"line":35,"column":null}},"11":{"start":{"line":28,"column":12},"end":{"line":34,"column":null}},"12":{"start":{"line":39,"column":4},"end":{"line":39,"column":null}},"13":{"start":{"line":39,"column":17},"end":{"line":39,"column":null}},"14":{"start":{"line":42,"column":2},"end":{"line":60,"column":null}}},"fnMap":{"0":{"name":"Hero","decl":{"start":{"line":5,"column":9},"end":{"line":5,"column":16}},"loc":{"start":{"line":5,"column":16},"end":{"line":62,"column":null}},"line":5},"1":{"name":"(anonymous_1)","decl":{"start":{"line":11,"column":12},"end":{"line":11,"column":18}},"loc":{"start":{"line":11,"column":18},"end":{"line":40,"column":5}},"line":11},"2":{"name":"(anonymous_2)","decl":{"start":{"line":12,"column":36},"end":{"line":12,"column":42}},"loc":{"start":{"line":12,"column":42},"end":{"line":14,"column":7}},"line":12},"3":{"name":"(anonymous_3)","decl":{"start":{"line":23,"column":22},"end":{"line":23,"column":28}},"loc":{"start":{"line":23,"column":28},"end":{"line":25,"column":9}},"line":23},"4":{"name":"(anonymous_4)","decl":{"start":{"line":26,"column":22},"end":{"line":26,"column":28}},"loc":{"start":{"line":26,"column":28},"end":{"line":36,"column":9}},"line":26},"5":{"name":"(anonymous_5)","decl":{"start":{"line":39,"column":11},"end":{"line":39,"column":17}},"loc":{"start":{"line":39,"column":17},"end":{"line":39,"column":null}},"line":39}},"branchMap":{"0":{"loc":{"start":{"line":16,"column":4},"end":{"line":37,"column":null}},"type":"if","locations":[{"start":{"line":16,"column":4},"end":{"line":37,"column":null}},{"start":{},"end":{}}],"line":16},"1":{"loc":{"start":{"line":27,"column":10},"end":{"line":35,"column":null}},"type":"if","locations":[{"start":{"line":27,"column":10},"end":{"line":35,"column":null}},{"start":{},"end":{}}],"line":27},"2":{"loc":{"start":{"line":44,"column":43},"end":{"line":44,"column":68}},"type":"cond-expr","locations":[{"start":{"line":44,"column":57},"end":{"line":44,"column":66}},{"start":{"line":44,"column":66},"end":{"line":44,"column":68}}],"line":44},"3":{"loc":{"start":{"line":54,"column":7},"end":{"line":54,"column":null}},"type":"binary-expr","locations":[{"start":{"line":54,"column":7},"end":{"line":54,"column":23}},{"start":{"line":54,"column":23},"end":{"line":54,"column":null}}],"line":54}},"s":{"0":32,"1":32,"2":32,"3":32,"4":32,"5":24,"6":0,"7":24,"8":24,"9":0,"10":0,"11":0,"12":24,"13":24,"14":32},"f":{"0":32,"1":24,"2":0,"3":0,"4":0,"5":24},"b":{"0":[24,0],"1":[0,0],"2":[0,32],"3":[32,0]},"meta":{"lastBranch":4,"lastFunction":6,"lastStatement":15,"seen":{"f:5:9:5:16":0,"s:6:8:6:Infinity":0,"s:7:8:7:Infinity":1,"s:8:38:8:Infinity":2,"s:9:36:9:Infinity":3,"s:11:2:40:Infinity":4,"f:11:12:11:18":1,"s:12:25:14:Infinity":5,"f:12:36:12:42":2,"s:13:6:13:Infinity":6,"b:16:4:37:Infinity:undefined:undefined:undefined:undefined":0,"s:16:4:37:Infinity":7,"s:17:6:36:Infinity":8,"f:23:22:23:28":3,"s:24:10:24:Infinity":9,"f:26:22:26:28":4,"b:27:10:35:Infinity:undefined:undefined:undefined:undefined":1,"s:27:10:35:Infinity":10,"s:28:12:34:Infinity":11,"s:39:4:39:Infinity":12,"f:39:11:39:17":5,"s:39:17:39:Infinity":13,"s:42:2:60:Infinity":14,"b:44:57:44:66:44:66:44:68":2,"b:54:7:54:23:54:23:54:Infinity":3}}}
,"/home/uvindu/Documents/portfio-react/src/components/NavBar.jsx": {"path":"/home/uvindu/Documents/portfio-react/src/components/NavBar.jsx","statementMap":{"0":{"start":{"line":5,"column":2},"end":{"line":65,"column":null}}},"fnMap":{"0":{"name":"NavBar","decl":{"start":{"line":4,"column":9},"end":{"line":4,"column":16}},"loc":{"start":{"line":4,"column":28},"end":{"line":67,"column":null}},"line":4}},"branchMap":{},"s":{"0":32},"f":{"0":32},"b":{},"meta":{"lastBranch":0,"lastFunction":1,"lastStatement":1,"seen":{"f:4:9:4:16":0,"s:5:2:65:Infinity":0}}}
,"/home/uvindu/Documents/portfio-react/src/components/ProgramingL.jsx": {"path":"/home/uvindu/Documents/portfio-react/src/components/ProgramingL.jsx","statementMap":{"0":{"start":{"line":2,"column":2},"end":{"line":16,"column":null}}},"fnMap":{"0":{"name":"ProgramingL","decl":{"start":{"line":1,"column":9},"end":{"line":1,"column":21}},"loc":{"start":{"line":1,"column":32},"end":{"line":18,"column":null}},"line":1}},"branchMap":{},"s":{"0":320},"f":{"0":320},"b":{},"meta":{"lastBranch":0,"lastFunction":1,"lastStatement":1,"seen":{"f:1:9:1:21":0,"s:2:2:16:Infinity":0}}}
,"/home/uvindu/Documents/portfio-react/src/components/Work.jsx": {"path":"/home/uvindu/Documents/portfio-react/src/components/Work.jsx","statementMap":{"0":{"start":{"line":2,"column":2},"end":{"line":35,"column":null}}},"fnMap":{"0":{"name":"Work","decl":{"start":{"line":1,"column":9},"end":{"line":1,"column":14}},"loc":{"start":{"line":1,"column":24},"end":{"line":37,"column":null}},"line":1}},"branchMap":{},"s":{"0":95},"f":{"0":95},"b":{},"meta":{"lastBranch":0,"lastFunction":1,"lastStatement":1,"seen":{"f:1:9:1:14":0,"s:2:2:35:Infinity":0}}}
,"/home/uvindu/Documents/portfio-react/src/components/WorkNew.jsx": {"path":"/home/uvindu/Documents/portfio-react/src/components/WorkNew.jsx","statementMap":{"0":{"start":{"line":2,"column":2},"end":{"line":14,"column":null}}},"fnMap":{"0":{"name":"WorkNew","decl":{"start":{"line":1,"column":9},"end":{"line":1,"column":17}},"loc":{"start":{"line":1,"column":30},"end":{"line":16,"column":null}},"line":1}},"branchMap":{},"s":{"0":76},"f":{"0":76},"b":{},"meta":{"lastBranch":0,"lastFunction":1,"lastStatement":1,"seen":{"f:1:9:1:17":0,"s:2:2:14:Infinity":0}}}
,"/home/uvindu/Documents/portfio-react/src/css/App.css": {"path":"/home/uvindu/Documents/portfio-react/src/css/App.css","statementMap":{},"fnMap":{},"branchMap":{},"s":{},"f":{},"b":{},"meta":{"lastBranch":0,"lastFunction":0,"lastStatement":0,"seen":{}}}
}
